<?xml version="1.0" encoding="UTF-8"?>
<!-- Generated by org.testng.reporters.JUnitReportReporter -->
<testsuite hostname="IND-L-UAnshul" name="com.deltax.automation.uitest.RegistrationPage.TestRegistrationPage" tests="10" failures="0" timestamp="5 Jul 2018 05:51:41 GMT" time="111.517" errors="0">
  <testcase name="testPageRegistration" time="12.417" classname="com.deltax.automation.uitest.RegistrationPage.TestRegistrationPage"/>
  <testcase name="validateDepartmentType" time="8.827" classname="com.deltax.automation.uitest.RegistrationPage.TestRegistrationPage"/>
  <testcase name="testRegistrationFormWithInvalidInput" time="9.890" classname="com.deltax.automation.uitest.RegistrationPage.TestRegistrationPage"/>
  <testcase name="testPageRegistration" time="12.182" classname="com.deltax.automation.uitest.RegistrationPage.TestRegistrationPage"/>
  <testcase name="testRegistrationFormWithInvalidInput" time="10.022" classname="com.deltax.automation.uitest.RegistrationPage.TestRegistrationPage"/>
  <testcase name="testRegistrationFormWithInvalidInput" time="9.827" classname="com.deltax.automation.uitest.RegistrationPage.TestRegistrationPage"/>
  <testcase name="testRegistrationFormWithInvalidInput" time="12.041" classname="com.deltax.automation.uitest.RegistrationPage.TestRegistrationPage"/>
  <testcase name="validateRegistrationForm" time="8.971" classname="com.deltax.automation.uitest.RegistrationPage.TestRegistrationPage"/>
  <testcase name="testPageRegistration" time="12.453" classname="com.deltax.automation.uitest.RegistrationPage.TestRegistrationPage"/>
  <testcase name="testRegistrationFormWithInvalidInput" time="14.887" classname="com.deltax.automation.uitest.RegistrationPage.TestRegistrationPage"/>
</testsuite> <!-- com.deltax.automation.uitest.RegistrationPage.TestRegistrationPage -->
